<?xml version="1.0" encoding="UTF-8"?>
<testng-results skipped="0" failed="0" ignored="0" total="1" passed="1">
  <reporter-output>
  </reporter-output>
  <suite name="Default suite" duration-ms="8313" started-at="2022-07-17T12:54:33 CEST" finished-at="2022-07-17T12:54:42 CEST">
    <groups>
    </groups>
    <test name="Default test" duration-ms="8313" started-at="2022-07-17T12:54:33 CEST" finished-at="2022-07-17T12:54:42 CEST">
      <class name="test.ExtentReportClass">
        <test-method status="PASS" signature="config()[pri:0, instance:test.ExtentReportClass@782663d3]" name="config" is-config="true" duration-ms="260" started-at="2022-07-17T12:54:33 CEST" finished-at="2022-07-17T12:54:34 CEST">
          <reporter-output>
          </reporter-output>
        </test-method> <!-- config -->
        <test-method status="PASS" signature="initialDemo()[pri:0, instance:test.ExtentReportClass@782663d3]" name="initialDemo" duration-ms="8012" started-at="2022-07-17T12:54:34 CEST" finished-at="2022-07-17T12:54:42 CEST">
          <reporter-output>
          </reporter-output>
        </test-method> <!-- initialDemo -->
      </class> <!-- test.ExtentReportClass -->
    </test> <!-- Default test -->
  </suite> <!-- Default suite -->
</testng-results>
